Using pre-set license
Built from '6000.0/staging' branch; Version is '6000.0.38f1 (82314a941f2d) revision 8532298'; Using compiler version '193933523'; Build Type 'Release'
OS: 'Windows 11  (10.0.26100) 64bit CoreSingleLanguage' Language: 'pt' Physical Memory: 6081 MB
BatchMode: 1, IsHumanControllingUs: 0, StartBugReporterOnCrash: 0, Is64bit: 1, IsPro: 1

COMMAND LINE ARGUMENTS:
C:\Program Files\Unity\Hub\Editor\6000.0.38f1\Editor\Unity.exe
-adb2
-batchMode
-noUpm
-name
AssetImportWorker4
-projectPath
C:/aaa/Projeto8/Nexus City
-logFile
Logs/AssetImportWorker4.log
-srvPort
56326
-job-worker-count
3
-background-job-worker-count
8
-gc-helper-count
1
Successfully changed project path to: C:/aaa/Projeto8/Nexus City
C:/aaa/Projeto8/Nexus City
[UnityMemory] Configuration Parameters - Can be set up in boot.config
    "memorysetup-bucket-allocator-granularity=16"
    "memorysetup-bucket-allocator-bucket-count=8"
    "memorysetup-bucket-allocator-block-size=33554432"
    "memorysetup-bucket-allocator-block-count=8"
    "memorysetup-main-allocator-block-size=16777216"
    "memorysetup-thread-allocator-block-size=16777216"
    "memorysetup-gfx-main-allocator-block-size=16777216"
    "memorysetup-gfx-thread-allocator-block-size=16777216"
    "memorysetup-cache-allocator-block-size=4194304"
    "memorysetup-typetree-allocator-block-size=2097152"
    "memorysetup-profiler-bucket-allocator-granularity=16"
    "memorysetup-profiler-bucket-allocator-bucket-count=8"
    "memorysetup-profiler-bucket-allocator-block-size=33554432"
    "memorysetup-profiler-bucket-allocator-block-count=8"
    "memorysetup-profiler-allocator-block-size=16777216"
    "memorysetup-profiler-editor-allocator-block-size=1048576"
    "memorysetup-temp-allocator-size-main=16777216"
    "memorysetup-job-temp-allocator-block-size=2097152"
    "memorysetup-job-temp-allocator-block-size-background=1048576"
    "memorysetup-job-temp-allocator-reduction-small-platforms=262144"
    "memorysetup-allocator-temp-initial-block-size-main=262144"
    "memorysetup-allocator-temp-initial-block-size-worker=262144"
    "memorysetup-temp-allocator-size-background-worker=32768"
    "memorysetup-temp-allocator-size-job-worker=262144"
    "memorysetup-temp-allocator-size-preload-manager=33554432"
    "memorysetup-temp-allocator-size-nav-mesh-worker=65536"
    "memorysetup-temp-allocator-size-audio-worker=65536"
    "memorysetup-temp-allocator-size-cloud-worker=32768"
    "memorysetup-temp-allocator-size-gi-baking-worker=262144"
    "memorysetup-temp-allocator-size-gi-baking-worker=262144"
    "memorysetup-temp-allocator-size-gi-baking-worker=262144"
    "memorysetup-temp-allocator-size-gi-baking-worker=262144"
    "memorysetup-temp-allocator-size-gi-baking-worker=262144"
    "memorysetup-temp-allocator-size-gfx=262144"
Player connection [32020]  Target information:

Player connection [32020]  * "[IP] 10.1.1.177 [Port] 0 [Flags] 2 [Guid] 1976599182 [EditorId] 1976599182 [Version] 1048832 [Id] WindowsEditor(7,LAPTOP-G002310R) [Debug] 1 [PackageName] WindowsEditor [ProjectName] Editor" 

Player connection [32020] Host joined multi-casting on [225.0.0.222:54997]...
Player connection [32020] Host joined alternative multi-casting on [225.0.0.222:34997]...
JobSystem: Creating JobQueue using job-worker-count value 3
Input System module state changed to: Initialized.
[Physics::Module] Initialized fallback backend.
[Physics::Module] Id: 0xdecafbad
Library Redirect Path: Library/
[Physics::Module] Selected backend.
[Physics::Module] Name: PhysX
[Physics::Module] Id: 0xf2b8ea05
[Physics::Module] SDK Version: 4.1.2
[Physics::Module] Integration Version: 1.0.0
[Physics::Module] Threading Mode: Multi-Threaded
Refreshing native plugins compatible for Editor in 6.34 ms, found 3 plugins.
Preloading 0 native plugins for Editor in 0.00 ms.
Initialize engine version: 6000.0.38f1 (82314a941f2d)
[Subsystems] Discovering subsystems at path C:/Program Files/Unity/Hub/Editor/6000.0.38f1/Editor/Data/Resources/UnitySubsystems
[Subsystems] Discovering subsystems at path C:/aaa/Projeto8/Nexus City/Assets
GfxDevice: creating device client; kGfxThreadingModeNonThreaded
Direct3D:
    Version:  Direct3D 11.0 [level 11.1]
    Renderer: AMD Radeon(TM) Vega 8 Graphics (ID=0x15d8)
    Vendor:   ATI
    VRAM:     3040 MB
    Driver:   31.0.21921.1000
Initialize mono
Mono path[0] = 'C:/Program Files/Unity/Hub/Editor/6000.0.38f1/Editor/Data/Managed'
Mono path[1] = 'C:/Program Files/Unity/Hub/Editor/6000.0.38f1/Editor/Data/MonoBleedingEdge/lib/mono/unityjit-win32'
Mono config path = 'C:/Program Files/Unity/Hub/Editor/6000.0.38f1/Editor/Data/MonoBleedingEdge/etc'
Using monoOptions --debugger-agent=transport=dt_socket,embedding=1,server=y,suspend=n,address=127.0.0.1:56436
Begin MonoManager ReloadAssembly
Registering precompiled unity dll's ...
Register platform support module: C:/Program Files/Unity/Hub/Editor/6000.0.38f1/Editor/Data/PlaybackEngines/WindowsStandaloneSupport/UnityEditor.WindowsStandalone.Extensions.dll
Register platform support module: C:/Program Files/Unity/Hub/Editor/6000.0.38f1/Editor/Data/PlaybackEngines/AndroidPlayer/UnityEditor.Android.Extensions.dll
Registered in 0.013509 seconds.
- Loaded All Assemblies, in  0.925 seconds
Native extension for Android target not found
Android Extension - Scanning For ADB Devices 577 ms
Native extension for WindowsStandalone target not found
Mono: successfully reloaded assembly
- Finished resetting the current domain, in  1.417 seconds
Domain Reload Profiling: 2334ms
	BeginReloadAssembly (340ms)
		ExecutionOrderSort (0ms)
		DisableScriptedObjects (0ms)
		BackupInstance (0ms)
		ReleaseScriptingObjects (0ms)
		CreateAndSetChildDomain (1ms)
	RebuildCommonClasses (81ms)
	RebuildNativeTypeToScriptingClass (19ms)
	initialDomainReloadingComplete (109ms)
	LoadAllAssembliesAndSetupDomain (367ms)
		LoadAssemblies (335ms)
		RebuildTransferFunctionScriptingTraits (0ms)
		AnalyzeDomain (361ms)
			TypeCache.Refresh (358ms)
				TypeCache.ScanAssembly (331ms)
			BuildScriptInfoCaches (0ms)
			ResolveRequiredComponents (1ms)
	FinalizeReload (1418ms)
		ReleaseScriptCaches (0ms)
		RebuildScriptCaches (0ms)
		SetupLoadedEditorAssemblies (1309ms)
			LogAssemblyErrors (0ms)
			InitializePlatformSupportModulesInManaged (771ms)
			SetLoadedEditorAssemblies (9ms)
			BeforeProcessingInitializeOnLoad (125ms)
			ProcessInitializeOnLoadAttributes (279ms)
			ProcessInitializeOnLoadMethodAttributes (125ms)
			AfterProcessingInitializeOnLoad (0ms)
			EditorAssembliesLoaded (0ms)
		ExecutionOrderSort2 (0ms)
		AwakeInstancesAfterBackupRestoration (0ms)
========================================================================
Worker process is ready to serve import requests
Import Worker Mode flag is 0x00
Begin MonoManager ReloadAssembly
- Loaded All Assemblies, in  1.946 seconds
Refreshing native plugins compatible for Editor in 2.46 ms, found 3 plugins.
Native extension for Android target not found
Native extension for WindowsStandalone target not found
The project currently uses the compatibility mode where the Render Graph API is disabled. Support for this mode will be removed in future Unity versions. Migrate existing ScriptableRenderPasses to the new RenderGraph API. After the migration, disable the compatibility mode in Edit > Projects Settings > Graphics > Render Graph.
UnityEngine.Debug:ExtractStackTraceNoAlloc (byte*,int,string)
UnityEngine.StackTraceUtility:ExtractStackTrace ()
UnityEngine.DebugLogHandler:Internal_Log (UnityEngine.LogType,UnityEngine.LogOption,string,UnityEngine.Object)
UnityEngine.DebugLogHandler:LogFormat (UnityEngine.LogType,UnityEngine.Object,string,object[])
UnityEngine.Logger:Log (UnityEngine.LogType,object)
UnityEngine.Debug:LogWarning (object)
UnityEngine.Rendering.Universal.WarnUsingNonRenderGraph:EmitConsoleWarning () (at ./Library/PackageCache/com.unity.render-pipelines.universal@1e752e39e60c/Runtime/Data/UniversalRenderPipelineAsset.cs:427)
System.Reflection.RuntimeMethodInfo:Invoke (object,System.Reflection.BindingFlags,System.Reflection.Binder,object[],System.Globalization.CultureInfo)
System.Reflection.MethodBase:Invoke (object,object[])
UnityEditor.EditorAssemblies:ProcessInitializeOnLoadMethodAttributes ()

(Filename: ./Library/PackageCache/com.unity.render-pipelines.universal@1e752e39e60c/Runtime/Data/UniversalRenderPipelineAsset.cs Line: 427)

Mono: successfully reloaded assembly
- Finished resetting the current domain, in  1.613 seconds
Domain Reload Profiling: 3547ms
	BeginReloadAssembly (321ms)
		ExecutionOrderSort (0ms)
		DisableScriptedObjects (9ms)
		BackupInstance (0ms)
		ReleaseScriptingObjects (0ms)
		CreateAndSetChildDomain (50ms)
	RebuildCommonClasses (72ms)
	RebuildNativeTypeToScriptingClass (27ms)
	initialDomainReloadingComplete (89ms)
	LoadAllAssembliesAndSetupDomain (1424ms)
		LoadAssemblies (1081ms)
		RebuildTransferFunctionScriptingTraits (0ms)
		AnalyzeDomain (542ms)
			TypeCache.Refresh (405ms)
				TypeCache.ScanAssembly (375ms)
			BuildScriptInfoCaches (98ms)
			ResolveRequiredComponents (34ms)
	FinalizeReload (1614ms)
		ReleaseScriptCaches (0ms)
		RebuildScriptCaches (0ms)
		SetupLoadedEditorAssemblies (1219ms)
			LogAssemblyErrors (0ms)
			InitializePlatformSupportModulesInManaged (28ms)
			SetLoadedEditorAssemblies (8ms)
			BeforeProcessingInitializeOnLoad (232ms)
			ProcessInitializeOnLoadAttributes (748ms)
			ProcessInitializeOnLoadMethodAttributes (187ms)
			AfterProcessingInitializeOnLoad (15ms)
			EditorAssembliesLoaded (0ms)
		ExecutionOrderSort2 (0ms)
		AwakeInstancesAfterBackupRestoration (13ms)
Launched and connected shader compiler UnityShaderCompiler.exe after 0.03 seconds
Refreshing native plugins compatible for Editor in 3.04 ms, found 3 plugins.
Preloading 0 native plugins for Editor in 0.00 ms.
Unloading 213 Unused Serialized files (Serialized files now loaded: 0)
Unloading 6011 unused Assets / (4.9 MB). Loaded Objects now: 6718.
Memory consumption went from 160.4 MB to 155.5 MB.
Total: 15.325400 ms (FindLiveObjects: 1.258600 ms CreateObjectMapping: 1.260300 ms MarkObjects: 8.093800 ms  DeleteObjects: 4.710700 ms)

========================================================================
Received Import Request.
  Time since last request: 1130677.866137 seconds.
  path: Assets/Kevin Iglesias/Human Animations/Animations/Male/Movement/Run/RootMotion/Run1Backwards.fbx
  artifactKey: Guid(43ef596f78225224cb7f83a461194e6c) Importer(815301076,1909f56bfc062723c751e8b465ee728b)
Start importing Assets/Kevin Iglesias/Human Animations/Animations/Male/Movement/Run/RootMotion/Run1Backwards.fbx using Guid(43ef596f78225224cb7f83a461194e6c) Importer(815301076,1909f56bfc062723c751e8b465ee728b) (PreviewImporter) -> (artifact id: 'a671d8b5dedd95c6fd013c33f0d43edd') in 0.0784512 seconds
Number of updated asset objects reloaded before import = 0Number of asset objects unloaded after import = 117

========================================================================
Received Import Request.
  Time since last request: 10.238163 seconds.
  path: Assets/Kevin Iglesias/Human Animations/Animations/Male/Movement/Run/RootMotion/R1BL.fbx
  artifactKey: Guid(c61cb4bd125007e4a83393ff033e4689) Importer(815301076,1909f56bfc062723c751e8b465ee728b)
Start importing Assets/Kevin Iglesias/Human Animations/Animations/Male/Movement/Run/RootMotion/R1BL.fbx using Guid(c61cb4bd125007e4a83393ff033e4689) Importer(815301076,1909f56bfc062723c751e8b465ee728b) (PreviewImporter) -> (artifact id: '05d60e51c35cfaa21075270b3c52c57a') in 0.0085772 seconds
Number of updated asset objects reloaded before import = 0Number of asset objects unloaded after import = 117

========================================================================
Received Import Request.
  Time since last request: 7.503460 seconds.
  path: Assets/Kevin Iglesias/Human Animations/Animations/Male/Movement/Run/RootMotion/R1BR.fbx
  artifactKey: Guid(783ab4114902b6a40a73e98ae8eed6ee) Importer(815301076,1909f56bfc062723c751e8b465ee728b)
Start importing Assets/Kevin Iglesias/Human Animations/Animations/Male/Movement/Run/RootMotion/R1BR.fbx using Guid(783ab4114902b6a40a73e98ae8eed6ee) Importer(815301076,1909f56bfc062723c751e8b465ee728b) (PreviewImporter) -> (artifact id: '16a74e0f584e7a1bb95fdfe36f41f0d7') in 0.0113495 seconds
Number of updated asset objects reloaded before import = 0Number of asset objects unloaded after import = 117

========================================================================
Received Import Request.
  Time since last request: 8.824415 seconds.
  path: Assets/Kevin Iglesias/Human Animations/Animations/Male/Movement/Run/RootMotion/R1F.fbx
  artifactKey: Guid(e6d40ad7ea567f142b50c4e65d3ab030) Importer(815301076,1909f56bfc062723c751e8b465ee728b)
Start importing Assets/Kevin Iglesias/Human Animations/Animations/Male/Movement/Run/RootMotion/R1F.fbx using Guid(e6d40ad7ea567f142b50c4e65d3ab030) Importer(815301076,1909f56bfc062723c751e8b465ee728b) (PreviewImporter) -> (artifact id: 'b966746a66ec19a4d4d28ae59eab4b08') in 0.0086865 seconds
Number of updated asset objects reloaded before import = 0Number of asset objects unloaded after import = 117

========================================================================
Received Import Request.
  Time since last request: 7.655858 seconds.
  path: Assets/Kevin Iglesias/Human Animations/Animations/Male/Movement/Run/RootMotion/R1FL.fbx
  artifactKey: Guid(ba511ca48dc3da344873ad895c348f5b) Importer(815301076,1909f56bfc062723c751e8b465ee728b)
Start importing Assets/Kevin Iglesias/Human Animations/Animations/Male/Movement/Run/RootMotion/R1FL.fbx using Guid(ba511ca48dc3da344873ad895c348f5b) Importer(815301076,1909f56bfc062723c751e8b465ee728b) (PreviewImporter) -> (artifact id: '13b0e9974a0df51dddcf80c36ad7a191') in 0.0128607 seconds
Number of updated asset objects reloaded before import = 0Number of asset objects unloaded after import = 117

========================================================================
Received Import Request.
  Time since last request: 9.319413 seconds.
  path: Assets/Kevin Iglesias/Human Animations/Animations/Male/Movement/Run/RootMotion/R1FR.fbx
  artifactKey: Guid(4ce97366434c71842934c916abcd2665) Importer(815301076,1909f56bfc062723c751e8b465ee728b)
Start importing Assets/Kevin Iglesias/Human Animations/Animations/Male/Movement/Run/RootMotion/R1FR.fbx using Guid(4ce97366434c71842934c916abcd2665) Importer(815301076,1909f56bfc062723c751e8b465ee728b) (PreviewImporter) -> (artifact id: '9dbd49628c4d93b80f3807b71acda105') in 0.0106925 seconds
Number of updated asset objects reloaded before import = 0Number of asset objects unloaded after import = 117

========================================================================
Received Import Request.
  Time since last request: 10.077452 seconds.
  path: Assets/Kevin Iglesias/Human Animations/Animations/Male/Movement/Run/RootMotion/R1L.fbx
  artifactKey: Guid(3188e42eb0ee6584a8bd6854f755d63a) Importer(815301076,1909f56bfc062723c751e8b465ee728b)
Start importing Assets/Kevin Iglesias/Human Animations/Animations/Male/Movement/Run/RootMotion/R1L.fbx using Guid(3188e42eb0ee6584a8bd6854f755d63a) Importer(815301076,1909f56bfc062723c751e8b465ee728b) (PreviewImporter) -> (artifact id: '0e8810258158c35126f6f4dec8b5a2c3') in 0.0101777 seconds
Number of updated asset objects reloaded before import = 0Number of asset objects unloaded after import = 117

========================================================================
Received Import Request.
  Time since last request: 7.984035 seconds.
  path: Assets/Kevin Iglesias/Human Animations/Animations/Male/Movement/Run/RootMotion/R1R.fbx
  artifactKey: Guid(a6234aa106c48fa41996e3aff4b3f6a7) Importer(815301076,1909f56bfc062723c751e8b465ee728b)
Start importing Assets/Kevin Iglesias/Human Animations/Animations/Male/Movement/Run/RootMotion/R1R.fbx using Guid(a6234aa106c48fa41996e3aff4b3f6a7) Importer(815301076,1909f56bfc062723c751e8b465ee728b) (PreviewImporter) -> (artifact id: 'cdf53aba4c0f9d70664be19e64ebf305') in 0.0106511 seconds
Number of updated asset objects reloaded before import = 0Number of asset objects unloaded after import = 117

========================================================================
Received Import Request.
  Time since last request: 1.513878 seconds.
  path: Assets/Kevin Iglesias/Human Animations/Animations/Male/Movement/Sprint/HumanM@Sprint01_Forward.fbx
  artifactKey: Guid(357a014fc50a6ae4aa9ea8347010fb60) Importer(815301076,1909f56bfc062723c751e8b465ee728b)
Start importing Assets/Kevin Iglesias/Human Animations/Animations/Male/Movement/Sprint/HumanM@Sprint01_Forward.fbx using Guid(357a014fc50a6ae4aa9ea8347010fb60) Importer(815301076,1909f56bfc062723c751e8b465ee728b) (PreviewImporter) -> (artifact id: '015a01db26c200a256c6ab105a7e2658') in 0.0091149 seconds
Number of updated asset objects reloaded before import = 0Number of asset objects unloaded after import = 117

========================================================================
Received Import Request.
  Time since last request: 0.000039 seconds.
  path: Assets/Kevin Iglesias/Human Animations/Animations/Male/Movement/Sprint/HumanM@Sprint01_ForwardRight.fbx
  artifactKey: Guid(12699ef2e572e3944a02284d64418e82) Importer(815301076,1909f56bfc062723c751e8b465ee728b)
Start importing Assets/Kevin Iglesias/Human Animations/Animations/Male/Movement/Sprint/HumanM@Sprint01_ForwardRight.fbx using Guid(12699ef2e572e3944a02284d64418e82) Importer(815301076,1909f56bfc062723c751e8b465ee728b) (PreviewImporter) -> (artifact id: '039d0c8a764efc3bc2c5ebb929fde3c4') in 0.010516 seconds
Number of updated asset objects reloaded before import = 0Number of asset objects unloaded after import = 117

========================================================================
Received Import Request.
  Time since last request: 7.308918 seconds.
  path: Assets/Kevin Iglesias/Human Animations/Animations/Male/Movement/Sprint/S1F.fbx
  artifactKey: Guid(357a014fc50a6ae4aa9ea8347010fb60) Importer(815301076,1909f56bfc062723c751e8b465ee728b)
Start importing Assets/Kevin Iglesias/Human Animations/Animations/Male/Movement/Sprint/S1F.fbx using Guid(357a014fc50a6ae4aa9ea8347010fb60) Importer(815301076,1909f56bfc062723c751e8b465ee728b) (PreviewImporter) -> (artifact id: '90f3b9f45e6ba9dfac976dd5712a9e60') in 0.0079123 seconds
Number of updated asset objects reloaded before import = 0Number of asset objects unloaded after import = 117

========================================================================
Received Import Request.
  Time since last request: 13.693666 seconds.
  path: Assets/Kevin Iglesias/Human Animations/Animations/Male/Movement/Sprint/Sprint1FL.fbx
  artifactKey: Guid(f6072704b2acecd4d8a9b6559a996b83) Importer(815301076,1909f56bfc062723c751e8b465ee728b)
Start importing Assets/Kevin Iglesias/Human Animations/Animations/Male/Movement/Sprint/Sprint1FL.fbx using Guid(f6072704b2acecd4d8a9b6559a996b83) Importer(815301076,1909f56bfc062723c751e8b465ee728b) (PreviewImporter) -> (artifact id: '02b008089c506f8ae32586a7e049ff78') in 0.0121385 seconds
Number of updated asset objects reloaded before import = 0Number of asset objects unloaded after import = 117

========================================================================
Received Import Request.
  Time since last request: 11.956997 seconds.
  path: Assets/Kevin Iglesias/Human Animations/Animations/Male/Movement/Sprint/Sprint1FR.fbx
  artifactKey: Guid(12699ef2e572e3944a02284d64418e82) Importer(815301076,1909f56bfc062723c751e8b465ee728b)
Start importing Assets/Kevin Iglesias/Human Animations/Animations/Male/Movement/Sprint/Sprint1FR.fbx using Guid(12699ef2e572e3944a02284d64418e82) Importer(815301076,1909f56bfc062723c751e8b465ee728b) (PreviewImporter) -> (artifact id: '17a7cba2d89105566cdd415c803cfa54') in 0.0100354 seconds
Number of updated asset objects reloaded before import = 0Number of asset objects unloaded after import = 117

========================================================================
Received Import Request.
  Time since last request: 1.178340 seconds.
  path: Assets/Kevin Iglesias/Human Animations/Animations/Male/Movement/Sprint/RootMotion
  artifactKey: Guid(89c28c6713f4e2447b5fdc6740e8232a) Importer(815301076,1909f56bfc062723c751e8b465ee728b)
Start importing Assets/Kevin Iglesias/Human Animations/Animations/Male/Movement/Sprint/RootMotion using Guid(89c28c6713f4e2447b5fdc6740e8232a) Importer(815301076,1909f56bfc062723c751e8b465ee728b) (PreviewImporter) -> (artifact id: '49daf59b108f2c2cd09c835b49cb9dce') in 0.0013731 seconds
Number of updated asset objects reloaded before import = 0Number of asset objects unloaded after import = 0

========================================================================
Received Import Request.
  Time since last request: 1.348307 seconds.
  path: Assets/Kevin Iglesias/Human Animations/Animations/Male/Movement/Sprint/RootMotion/HumanM@Sprint01_Forward [RM].fbx
  artifactKey: Guid(60ce564cb0bcd8c4bba6cecbf7c3703f) Importer(815301076,1909f56bfc062723c751e8b465ee728b)
Start importing Assets/Kevin Iglesias/Human Animations/Animations/Male/Movement/Sprint/RootMotion/HumanM@Sprint01_Forward [RM].fbx using Guid(60ce564cb0bcd8c4bba6cecbf7c3703f) Importer(815301076,1909f56bfc062723c751e8b465ee728b) (PreviewImporter) -> (artifact id: '369b2265043080fd9a56918f6eafbb49') in 0.0090935 seconds
Number of updated asset objects reloaded before import = 0Number of asset objects unloaded after import = 117

========================================================================
Received Import Request.
  Time since last request: 0.000030 seconds.
  path: Assets/Kevin Iglesias/Human Animations/Animations/Male/Movement/Sprint/RootMotion/HumanM@Sprint01_ForwardRight [RM].fbx
  artifactKey: Guid(a7d450fa4f07a3f4e9fcb7894d556674) Importer(815301076,1909f56bfc062723c751e8b465ee728b)
Start importing Assets/Kevin Iglesias/Human Animations/Animations/Male/Movement/Sprint/RootMotion/HumanM@Sprint01_ForwardRight [RM].fbx using Guid(a7d450fa4f07a3f4e9fcb7894d556674) Importer(815301076,1909f56bfc062723c751e8b465ee728b) (PreviewImporter) -> (artifact id: '29d2173225315a474ff6faaffe03548d') in 0.0110099 seconds
Number of updated asset objects reloaded before import = 0Number of asset objects unloaded after import = 117

========================================================================
Received Import Request.
  Time since last request: 13.529412 seconds.
  path: Assets/Kevin Iglesias/Human Animations/Animations/Male/Movement/Sprint/RootMotion/Sprint1F.fbx
  artifactKey: Guid(60ce564cb0bcd8c4bba6cecbf7c3703f) Importer(815301076,1909f56bfc062723c751e8b465ee728b)
Start importing Assets/Kevin Iglesias/Human Animations/Animations/Male/Movement/Sprint/RootMotion/Sprint1F.fbx using Guid(60ce564cb0bcd8c4bba6cecbf7c3703f) Importer(815301076,1909f56bfc062723c751e8b465ee728b) (PreviewImporter) -> (artifact id: '6fc3f08383989d7aa1bd8c70abbfe37e') in 0.0102682 seconds
Number of updated asset objects reloaded before import = 0Number of asset objects unloaded after import = 117

========================================================================
Received Import Request.
  Time since last request: 20.052528 seconds.
  path: Assets/Kevin Iglesias/Human Animations/Animations/Male/Movement/Sprint/RootMotion/Sprint1Fl.fbx
  artifactKey: Guid(5cb42faa270a0e44a869bf1204fdf95b) Importer(815301076,1909f56bfc062723c751e8b465ee728b)
Start importing Assets/Kevin Iglesias/Human Animations/Animations/Male/Movement/Sprint/RootMotion/Sprint1Fl.fbx using Guid(5cb42faa270a0e44a869bf1204fdf95b) Importer(815301076,1909f56bfc062723c751e8b465ee728b) (PreviewImporter) -> (artifact id: 'ba6974552acc8c2419d03b7a2b7568d7') in 0.0111736 seconds
Number of updated asset objects reloaded before import = 0Number of asset objects unloaded after import = 117

========================================================================
Received Import Request.
  Time since last request: 12.214961 seconds.
  path: Assets/Kevin Iglesias/Human Animations/Animations/Male/Movement/Sprint/RootMotion/Sprint1FR.fbx
  artifactKey: Guid(a7d450fa4f07a3f4e9fcb7894d556674) Importer(815301076,1909f56bfc062723c751e8b465ee728b)
Start importing Assets/Kevin Iglesias/Human Animations/Animations/Male/Movement/Sprint/RootMotion/Sprint1FR.fbx using Guid(a7d450fa4f07a3f4e9fcb7894d556674) Importer(815301076,1909f56bfc062723c751e8b465ee728b) (PreviewImporter) -> (artifact id: '4db6a67708e48fd7b9d10b5e94de990b') in 0.0057004 seconds
Number of updated asset objects reloaded before import = 0Number of asset objects unloaded after import = 117

========================================================================
Received Import Request.
  Time since last request: 4.353998 seconds.
  path: Assets/Kevin Iglesias/Human Animations/Animations/Male/Movement/Turn/HumanM@Turn01_Left.fbx
  artifactKey: Guid(18af8201e2c67af4385b4f57a80645de) Importer(815301076,1909f56bfc062723c751e8b465ee728b)
Start importing Assets/Kevin Iglesias/Human Animations/Animations/Male/Movement/Turn/HumanM@Turn01_Left.fbx using Guid(18af8201e2c67af4385b4f57a80645de) Importer(815301076,1909f56bfc062723c751e8b465ee728b) (PreviewImporter) -> (artifact id: 'a915d37920c582de1daad01bb0710a0f') in 0.0098774 seconds
Number of updated asset objects reloaded before import = 0Number of asset objects unloaded after import = 117

========================================================================
Received Import Request.
  Time since last request: 0.000034 seconds.
  path: Assets/Kevin Iglesias/Human Animations/Animations/Male/Movement/Turn/HumanM@Turn01_Right [RM].fbx
  artifactKey: Guid(04a8218d40d89874a8ba9bfc00ec8037) Importer(815301076,1909f56bfc062723c751e8b465ee728b)
Start importing Assets/Kevin Iglesias/Human Animations/Animations/Male/Movement/Turn/HumanM@Turn01_Right [RM].fbx using Guid(04a8218d40d89874a8ba9bfc00ec8037) Importer(815301076,1909f56bfc062723c751e8b465ee728b) (PreviewImporter) -> (artifact id: 'f96f99eeac815ad0a70c95b9c935054d') in 0.0108662 seconds
Number of updated asset objects reloaded before import = 0Number of asset objects unloaded after import = 117

========================================================================
Received Import Request.
  Time since last request: 20.055344 seconds.
  path: Assets/Kevin Iglesias/Human Animations/Animations/Male/Movement/Turn/Turn.fbx
  artifactKey: Guid(18af8201e2c67af4385b4f57a80645de) Importer(815301076,1909f56bfc062723c751e8b465ee728b)
Start importing Assets/Kevin Iglesias/Human Animations/Animations/Male/Movement/Turn/Turn.fbx using Guid(18af8201e2c67af4385b4f57a80645de) Importer(815301076,1909f56bfc062723c751e8b465ee728b) (PreviewImporter) -> (artifact id: '4d0937b7bbf23524e521b0581f54939d') in 0.0093943 seconds
Number of updated asset objects reloaded before import = 0Number of asset objects unloaded after import = 117

========================================================================
Received Prepare
Begin MonoManager ReloadAssembly
- Loaded All Assemblies, in  2.982 seconds
Refreshing native plugins compatible for Editor in 35.48 ms, found 3 plugins.
Native extension for Android target not found
Native extension for WindowsStandalone target not found
The project currently uses the compatibility mode where the Render Graph API is disabled. Support for this mode will be removed in future Unity versions. Migrate existing ScriptableRenderPasses to the new RenderGraph API. After the migration, disable the compatibility mode in Edit > Projects Settings > Graphics > Render Graph.
UnityEngine.Debug:ExtractStackTraceNoAlloc (byte*,int,string)
UnityEngine.StackTraceUtility:ExtractStackTrace ()
UnityEngine.DebugLogHandler:Internal_Log (UnityEngine.LogType,UnityEngine.LogOption,string,UnityEngine.Object)
UnityEngine.DebugLogHandler:LogFormat (UnityEngine.LogType,UnityEngine.Object,string,object[])
UnityEngine.Logger:Log (UnityEngine.LogType,object)
UnityEngine.Debug:LogWarning (object)
UnityEngine.Rendering.Universal.WarnUsingNonRenderGraph:EmitConsoleWarning () (at ./Library/PackageCache/com.unity.render-pipelines.universal@1e752e39e60c/Runtime/Data/UniversalRenderPipelineAsset.cs:427)
System.Reflection.RuntimeMethodInfo:Invoke (object,System.Reflection.BindingFlags,System.Reflection.Binder,object[],System.Globalization.CultureInfo)
System.Reflection.MethodBase:Invoke (object,object[])
UnityEditor.EditorAssemblies:ProcessInitializeOnLoadMethodAttributes ()

(Filename: ./Library/PackageCache/com.unity.render-pipelines.universal@1e752e39e60c/Runtime/Data/UniversalRenderPipelineAsset.cs Line: 427)

Mono: successfully reloaded assembly
- Finished resetting the current domain, in  1.707 seconds
Domain Reload Profiling: 4689ms
	BeginReloadAssembly (536ms)
		ExecutionOrderSort (0ms)
		DisableScriptedObjects (29ms)
		BackupInstance (0ms)
		ReleaseScriptingObjects (1ms)
		CreateAndSetChildDomain (135ms)
	RebuildCommonClasses (98ms)
	RebuildNativeTypeToScriptingClass (34ms)
	initialDomainReloadingComplete (114ms)
	LoadAllAssembliesAndSetupDomain (2198ms)
		LoadAssemblies (1427ms)
		RebuildTransferFunctionScriptingTraits (0ms)
		AnalyzeDomain (1020ms)
			TypeCache.Refresh (73ms)
				TypeCache.ScanAssembly (0ms)
			BuildScriptInfoCaches (619ms)
			ResolveRequiredComponents (287ms)
	FinalizeReload (1708ms)
		ReleaseScriptCaches (0ms)
		RebuildScriptCaches (0ms)
		SetupLoadedEditorAssemblies (1186ms)
			LogAssemblyErrors (0ms)
			InitializePlatformSupportModulesInManaged (31ms)
			SetLoadedEditorAssemblies (8ms)
			BeforeProcessingInitializeOnLoad (249ms)
			ProcessInitializeOnLoadAttributes (741ms)
			ProcessInitializeOnLoadMethodAttributes (137ms)
			AfterProcessingInitializeOnLoad (20ms)
			EditorAssembliesLoaded (1ms)
		ExecutionOrderSort2 (0ms)
		AwakeInstancesAfterBackupRestoration (31ms)
Refreshing native plugins compatible for Editor in 4.58 ms, found 3 plugins.
Preloading 0 native plugins for Editor in 0.00 ms.
Unloading 23 Unused Serialized files (Serialized files now loaded: 0)
Unloading 6009 unused Assets / (4.6 MB). Loaded Objects now: 6736.
Memory consumption went from 141.1 MB to 136.5 MB.
Total: 24.582600 ms (FindLiveObjects: 1.744200 ms CreateObjectMapping: 2.678000 ms MarkObjects: 11.266300 ms  DeleteObjects: 8.890300 ms)

Prepare: number of updated asset objects reloaded= 0
========================================================================
Received Import Request.
  Time since last request: 62.167604 seconds.
  path: Assets/Kevin Iglesias/Human Animations/Animations/Male/Movement/Turn/T1R.fbx
  artifactKey: Guid(04a8218d40d89874a8ba9bfc00ec8037) Importer(815301076,1909f56bfc062723c751e8b465ee728b)
Start importing Assets/Kevin Iglesias/Human Animations/Animations/Male/Movement/Turn/T1R.fbx using Guid(04a8218d40d89874a8ba9bfc00ec8037) Importer(815301076,1909f56bfc062723c751e8b465ee728b) (PreviewImporter) -> (artifact id: '92d8d34470bea2a4dd0cf3b038d72828') in 0.1104827 seconds
Number of updated asset objects reloaded before import = 0Number of asset objects unloaded after import = 117

========================================================================
Received Import Request.
  Time since last request: 34.458174 seconds.
  path: Assets/Kevin Iglesias/Human Animations/Animations/Male/Movement/Turn/T1L.fbx
  artifactKey: Guid(19d4cab1f1a36f44db3b80478afd3cb9) Importer(815301076,1909f56bfc062723c751e8b465ee728b)
Start importing Assets/Kevin Iglesias/Human Animations/Animations/Male/Movement/Turn/T1L.fbx using Guid(19d4cab1f1a36f44db3b80478afd3cb9) Importer(815301076,1909f56bfc062723c751e8b465ee728b) (PreviewImporter) -> (artifact id: '132b92a6d786c19ac2bb6efe91e57dd9') in 0.0104275 seconds
Number of updated asset objects reloaded before import = 0Number of asset objects unloaded after import = 117

========================================================================
Received Import Request.
  Time since last request: 12.304273 seconds.
  path: Assets/Kevin Iglesias/Human Animations/Animations/Male/Movement/Turn/Turn1Right2.fbx
  artifactKey: Guid(3474edfe57da8b04799548d1b9997e7e) Importer(815301076,1909f56bfc062723c751e8b465ee728b)
Start importing Assets/Kevin Iglesias/Human Animations/Animations/Male/Movement/Turn/Turn1Right2.fbx using Guid(3474edfe57da8b04799548d1b9997e7e) Importer(815301076,1909f56bfc062723c751e8b465ee728b) (PreviewImporter) -> (artifact id: '3b2289f30f3fcf24e9aedf90de51a7b5') in 0.0118793 seconds
Number of updated asset objects reloaded before import = 0Number of asset objects unloaded after import = 117

========================================================================
Received Import Request.
  Time since last request: 3.599482 seconds.
  path: Assets/Kevin Iglesias/Human Animations/Animations/Male/Movement/Walk/HumanM@Walk01_Backward.fbx
  artifactKey: Guid(cb46d61a31f3bb34395ab55c7580ebee) Importer(815301076,1909f56bfc062723c751e8b465ee728b)
Start importing Assets/Kevin Iglesias/Human Animations/Animations/Male/Movement/Walk/HumanM@Walk01_Backward.fbx using Guid(cb46d61a31f3bb34395ab55c7580ebee) Importer(815301076,1909f56bfc062723c751e8b465ee728b) (PreviewImporter) -> (artifact id: '491e80d17f21c958995056cdb26abe24') in 0.0221046 seconds
Number of updated asset objects reloaded before import = 0Number of asset objects unloaded after import = 117

========================================================================
Received Import Request.
  Time since last request: 0.000057 seconds.
  path: Assets/Kevin Iglesias/Human Animations/Animations/Male/Movement/Walk/HumanM@Walk01_ForwardLeft.fbx
  artifactKey: Guid(b06ebacf4f8320c4cb1c07046898d862) Importer(815301076,1909f56bfc062723c751e8b465ee728b)
Start importing Assets/Kevin Iglesias/Human Animations/Animations/Male/Movement/Walk/HumanM@Walk01_ForwardLeft.fbx using Guid(b06ebacf4f8320c4cb1c07046898d862) Importer(815301076,1909f56bfc062723c751e8b465ee728b) (PreviewImporter) -> (artifact id: 'f1d766441e2b4ddab5c2dcaf8e85f910') in 0.0242586 seconds
Number of updated asset objects reloaded before import = 0Number of asset objects unloaded after import = 117

========================================================================
Received Import Request.
  Time since last request: 0.000046 seconds.
  path: Assets/Kevin Iglesias/Human Animations/Animations/Male/Movement/Walk/HumanM@Walk01_Forward.fbx
  artifactKey: Guid(012fd8b7e910f804caadf295d5d45e2f) Importer(815301076,1909f56bfc062723c751e8b465ee728b)
Start importing Assets/Kevin Iglesias/Human Animations/Animations/Male/Movement/Walk/HumanM@Walk01_Forward.fbx using Guid(012fd8b7e910f804caadf295d5d45e2f) Importer(815301076,1909f56bfc062723c751e8b465ee728b) (PreviewImporter) -> (artifact id: '3f68fbdb300116f3164daee2a50e2b2b') in 0.0129168 seconds
Number of updated asset objects reloaded before import = 0Number of asset objects unloaded after import = 117

========================================================================
Received Import Request.
  Time since last request: 0.000043 seconds.
  path: Assets/Kevin Iglesias/Human Animations/Animations/Male/Movement/Walk/HumanM@Walk01_Left.fbx
  artifactKey: Guid(ff44bb82f0146a74fb98ea1824cae44a) Importer(815301076,1909f56bfc062723c751e8b465ee728b)
Start importing Assets/Kevin Iglesias/Human Animations/Animations/Male/Movement/Walk/HumanM@Walk01_Left.fbx using Guid(ff44bb82f0146a74fb98ea1824cae44a) Importer(815301076,1909f56bfc062723c751e8b465ee728b) (PreviewImporter) -> (artifact id: '550fa6b112c50501c2fa57f142e45644') in 0.0158821 seconds
Number of updated asset objects reloaded before import = 0Number of asset objects unloaded after import = 117

========================================================================
Received Import Request.
  Time since last request: 0.000034 seconds.
  path: Assets/Kevin Iglesias/Human Animations/Animations/Male/Movement/Walk/HumanM@Walk01_Right.fbx
  artifactKey: Guid(6ae6fc1ae59ede345b4fb194814f318f) Importer(815301076,1909f56bfc062723c751e8b465ee728b)
Start importing Assets/Kevin Iglesias/Human Animations/Animations/Male/Movement/Walk/HumanM@Walk01_Right.fbx using Guid(6ae6fc1ae59ede345b4fb194814f318f) Importer(815301076,1909f56bfc062723c751e8b465ee728b) (PreviewImporter) -> (artifact id: '204bd74e25bcae165ebd205401c227b9') in 0.0114565 seconds
Number of updated asset objects reloaded before import = 0Number of asset objects unloaded after import = 117

========================================================================
Received Import Request.
  Time since last request: 8.965101 seconds.
  path: Assets/Kevin Iglesias/Human Animations/Animations/Male/Movement/Walk/Walk1B.fbx
  artifactKey: Guid(cb46d61a31f3bb34395ab55c7580ebee) Importer(815301076,1909f56bfc062723c751e8b465ee728b)
Start importing Assets/Kevin Iglesias/Human Animations/Animations/Male/Movement/Walk/Walk1B.fbx using Guid(cb46d61a31f3bb34395ab55c7580ebee) Importer(815301076,1909f56bfc062723c751e8b465ee728b) (PreviewImporter) -> (artifact id: 'aa59496fb4fbdea44f52d37a148b8062') in 0.0094191 seconds
Number of updated asset objects reloaded before import = 0Number of asset objects unloaded after import = 117

========================================================================
Received Import Request.
  Time since last request: 9.787691 seconds.
  path: Assets/Kevin Iglesias/Human Animations/Animations/Male/Movement/Walk/W1BL.fbx
  artifactKey: Guid(a93c9bed55def714b8836fe9a9e09a2a) Importer(815301076,1909f56bfc062723c751e8b465ee728b)
Start importing Assets/Kevin Iglesias/Human Animations/Animations/Male/Movement/Walk/W1BL.fbx using Guid(a93c9bed55def714b8836fe9a9e09a2a) Importer(815301076,1909f56bfc062723c751e8b465ee728b) (PreviewImporter) -> (artifact id: '965e4270720aa3d5d4bde32b64f1db59') in 0.0073832 seconds
Number of updated asset objects reloaded before import = 0Number of asset objects unloaded after import = 117

========================================================================
Received Import Request.
  Time since last request: 9.748720 seconds.
  path: Assets/Kevin Iglesias/Human Animations/Animations/Male/Movement/Walk/W1BR.fbx
  artifactKey: Guid(b77841f73a04243498d7c233cd4f21d0) Importer(815301076,1909f56bfc062723c751e8b465ee728b)
Start importing Assets/Kevin Iglesias/Human Animations/Animations/Male/Movement/Walk/W1BR.fbx using Guid(b77841f73a04243498d7c233cd4f21d0) Importer(815301076,1909f56bfc062723c751e8b465ee728b) (PreviewImporter) -> (artifact id: '71ef20a56ef269988376cd71ec3b5881') in 0.0143706 seconds
Number of updated asset objects reloaded before import = 0Number of asset objects unloaded after import = 117

========================================================================
Received Import Request.
  Time since last request: 14.048169 seconds.
  path: Assets/Kevin Iglesias/Human Animations/Animations/Male/Movement/Walk/W1F.fbx
  artifactKey: Guid(012fd8b7e910f804caadf295d5d45e2f) Importer(815301076,1909f56bfc062723c751e8b465ee728b)
Start importing Assets/Kevin Iglesias/Human Animations/Animations/Male/Movement/Walk/W1F.fbx using Guid(012fd8b7e910f804caadf295d5d45e2f) Importer(815301076,1909f56bfc062723c751e8b465ee728b) (PreviewImporter) -> (artifact id: 'cc4044cdf01901ffd062bbc3c49874d7') in 0.0070346 seconds
Number of updated asset objects reloaded before import = 0Number of asset objects unloaded after import = 117

========================================================================
Received Import Request.
  Time since last request: 7.223902 seconds.
  path: Assets/Kevin Iglesias/Human Animations/Animations/Male/Movement/Walk/W1FL.fbx
  artifactKey: Guid(b06ebacf4f8320c4cb1c07046898d862) Importer(815301076,1909f56bfc062723c751e8b465ee728b)
Start importing Assets/Kevin Iglesias/Human Animations/Animations/Male/Movement/Walk/W1FL.fbx using Guid(b06ebacf4f8320c4cb1c07046898d862) Importer(815301076,1909f56bfc062723c751e8b465ee728b) (PreviewImporter) -> (artifact id: '43d50e7a441c3ab2161645370b7ad272') in 0.0069125 seconds
Number of updated asset objects reloaded before import = 0Number of asset objects unloaded after import = 117

========================================================================
Received Import Request.
  Time since last request: 8.260258 seconds.
  path: Assets/Kevin Iglesias/Human Animations/Animations/Male/Movement/Walk/W1FR.fbx
  artifactKey: Guid(6c1c5513c95aed44e9db044c2d6406a1) Importer(815301076,1909f56bfc062723c751e8b465ee728b)
Start importing Assets/Kevin Iglesias/Human Animations/Animations/Male/Movement/Walk/W1FR.fbx using Guid(6c1c5513c95aed44e9db044c2d6406a1) Importer(815301076,1909f56bfc062723c751e8b465ee728b) (PreviewImporter) -> (artifact id: '64a491a2f5d7f148baf460b21bdec108') in 0.0123506 seconds
Number of updated asset objects reloaded before import = 0Number of asset objects unloaded after import = 117

========================================================================
Received Import Request.
  Time since last request: 7.223838 seconds.
  path: Assets/Kevin Iglesias/Human Animations/Animations/Male/Movement/Walk/W1L.fbx
  artifactKey: Guid(ff44bb82f0146a74fb98ea1824cae44a) Importer(815301076,1909f56bfc062723c751e8b465ee728b)
Start importing Assets/Kevin Iglesias/Human Animations/Animations/Male/Movement/Walk/W1L.fbx using Guid(ff44bb82f0146a74fb98ea1824cae44a) Importer(815301076,1909f56bfc062723c751e8b465ee728b) (PreviewImporter) -> (artifact id: 'a88a503dcb527ae8f1b026aabff69ece') in 0.0119084 seconds
Number of updated asset objects reloaded before import = 0Number of asset objects unloaded after import = 117

========================================================================
Received Import Request.
  Time since last request: 5.468679 seconds.
  path: Assets/Kevin Iglesias/Human Animations/Animations/Male/Movement/Walk/W1R.fbx
  artifactKey: Guid(6ae6fc1ae59ede345b4fb194814f318f) Importer(815301076,1909f56bfc062723c751e8b465ee728b)
Start importing Assets/Kevin Iglesias/Human Animations/Animations/Male/Movement/Walk/W1R.fbx using Guid(6ae6fc1ae59ede345b4fb194814f318f) Importer(815301076,1909f56bfc062723c751e8b465ee728b) (PreviewImporter) -> (artifact id: '1290f7f7f4785c69f73c1f216b470af9') in 0.0105904 seconds
Number of updated asset objects reloaded before import = 0Number of asset objects unloaded after import = 117

========================================================================
Received Import Request.
  Time since last request: 0.412276 seconds.
  path: Assets/Kevin Iglesias/Human Animations/Animations/Male/Movement/Walk/RootMotion
  artifactKey: Guid(11d274b4b5c082449a03eb98bce92189) Importer(815301076,1909f56bfc062723c751e8b465ee728b)
Start importing Assets/Kevin Iglesias/Human Animations/Animations/Male/Movement/Walk/RootMotion using Guid(11d274b4b5c082449a03eb98bce92189) Importer(815301076,1909f56bfc062723c751e8b465ee728b) (PreviewImporter) -> (artifact id: '781bd5416cc87de43c2521c92dac56bf') in 0.0009954 seconds
Number of updated asset objects reloaded before import = 0Number of asset objects unloaded after import = 0

========================================================================
Received Import Request.
  Time since last request: 0.660094 seconds.
  path: Assets/Kevin Iglesias/Human Animations/Animations/Male/Movement/Walk/RootMotion/HumanM@Walk01_Backward [RM].fbx
  artifactKey: Guid(279dea3e5c907f84b8fd79b464404a01) Importer(815301076,1909f56bfc062723c751e8b465ee728b)
Start importing Assets/Kevin Iglesias/Human Animations/Animations/Male/Movement/Walk/RootMotion/HumanM@Walk01_Backward [RM].fbx using Guid(279dea3e5c907f84b8fd79b464404a01) Importer(815301076,1909f56bfc062723c751e8b465ee728b) (PreviewImporter) -> (artifact id: 'c09e1c7fd9938e88bb68ad0d44a404d2') in 0.0273638 seconds
Number of updated asset objects reloaded before import = 0Number of asset objects unloaded after import = 117

========================================================================
Received Import Request.
  Time since last request: 0.000047 seconds.
  path: Assets/Kevin Iglesias/Human Animations/Animations/Male/Movement/Walk/RootMotion/HumanM@Walk01_ForwardRight [RM].fbx
  artifactKey: Guid(0ab6a2e6f889b2f488bf18638a9635e3) Importer(815301076,1909f56bfc062723c751e8b465ee728b)
Start importing Assets/Kevin Iglesias/Human Animations/Animations/Male/Movement/Walk/RootMotion/HumanM@Walk01_ForwardRight [RM].fbx using Guid(0ab6a2e6f889b2f488bf18638a9635e3) Importer(815301076,1909f56bfc062723c751e8b465ee728b) (PreviewImporter) -> (artifact id: '44d7debc1e50092e0fef8b2ada6db30b') in 0.0155662 seconds
Number of updated asset objects reloaded before import = 0Number of asset objects unloaded after import = 117

========================================================================
Received Import Request.
  Time since last request: 0.000087 seconds.
  path: Assets/Kevin Iglesias/Human Animations/Animations/Male/Movement/Walk/RootMotion/HumanM@Walk01_Left [RM].fbx
  artifactKey: Guid(b3c5165fa2a9dcf4cb7031c16952b306) Importer(815301076,1909f56bfc062723c751e8b465ee728b)
Start importing Assets/Kevin Iglesias/Human Animations/Animations/Male/Movement/Walk/RootMotion/HumanM@Walk01_Left [RM].fbx using Guid(b3c5165fa2a9dcf4cb7031c16952b306) Importer(815301076,1909f56bfc062723c751e8b465ee728b) (PreviewImporter) -> (artifact id: 'd1a3af9c37aaaf723ac30632b5e0bf29') in 0.0127244 seconds
Number of updated asset objects reloaded before import = 0Number of asset objects unloaded after import = 117

========================================================================
Received Import Request.
  Time since last request: 0.000043 seconds.
  path: Assets/Kevin Iglesias/Human Animations/Animations/Male/Movement/Walk/RootMotion/HumanM@Walk01_Right [RM].fbx
  artifactKey: Guid(64ee24dd49e72b049812dace66fc223f) Importer(815301076,1909f56bfc062723c751e8b465ee728b)
Start importing Assets/Kevin Iglesias/Human Animations/Animations/Male/Movement/Walk/RootMotion/HumanM@Walk01_Right [RM].fbx using Guid(64ee24dd49e72b049812dace66fc223f) Importer(815301076,1909f56bfc062723c751e8b465ee728b) (PreviewImporter) -> (artifact id: '273ed8dcd16373036ecf751026f35601') in 0.0104573 seconds
Number of updated asset objects reloaded before import = 0Number of asset objects unloaded after import = 117

========================================================================
Received Import Request.
  Time since last request: 0.000028 seconds.
  path: Assets/Kevin Iglesias/Human Animations/Animations/Male/Movement/Walk/RootMotion/HumanM@Walk01_ForwardLeft [RM].fbx
  artifactKey: Guid(7347e916c0047db4c83cae759dbc0bad) Importer(815301076,1909f56bfc062723c751e8b465ee728b)
Start importing Assets/Kevin Iglesias/Human Animations/Animations/Male/Movement/Walk/RootMotion/HumanM@Walk01_ForwardLeft [RM].fbx using Guid(7347e916c0047db4c83cae759dbc0bad) Importer(815301076,1909f56bfc062723c751e8b465ee728b) (PreviewImporter) -> (artifact id: '8ebc09d74745003bbab7f2222b30f9e0') in 0.0151161 seconds
Number of updated asset objects reloaded before import = 0Number of asset objects unloaded after import = 117

========================================================================
Received Import Request.
  Time since last request: 6.787583 seconds.
  path: Assets/Kevin Iglesias/Human Animations/Animations/Male/Movement/Walk/RootMotion/W1B.fbx
  artifactKey: Guid(279dea3e5c907f84b8fd79b464404a01) Importer(815301076,1909f56bfc062723c751e8b465ee728b)
Start importing Assets/Kevin Iglesias/Human Animations/Animations/Male/Movement/Walk/RootMotion/W1B.fbx using Guid(279dea3e5c907f84b8fd79b464404a01) Importer(815301076,1909f56bfc062723c751e8b465ee728b) (PreviewImporter) -> (artifact id: 'aec259764ee047793e4a8ebe904a35cf') in 0.0463879 seconds
Number of updated asset objects reloaded before import = 0Number of asset objects unloaded after import = 117

========================================================================
Received Import Request.
  Time since last request: 6.282825 seconds.
  path: Assets/Kevin Iglesias/Human Animations/Animations/Male/Movement/Walk/RootMotion/W1BL.fbx
  artifactKey: Guid(04dbe06c53dc3b246bc83f0803e3b71d) Importer(815301076,1909f56bfc062723c751e8b465ee728b)
Start importing Assets/Kevin Iglesias/Human Animations/Animations/Male/Movement/Walk/RootMotion/W1BL.fbx using Guid(04dbe06c53dc3b246bc83f0803e3b71d) Importer(815301076,1909f56bfc062723c751e8b465ee728b) (PreviewImporter) -> (artifact id: 'd1954e9935a8a54d4321f4a33a93359c') in 0.0123435 seconds
Number of updated asset objects reloaded before import = 0Number of asset objects unloaded after import = 117

========================================================================
Received Import Request.
  Time since last request: 5.691029 seconds.
  path: Assets/Kevin Iglesias/Human Animations/Animations/Male/Movement/Walk/RootMotion/W1BR.fbx
  artifactKey: Guid(bebe632f34314de4ab6b8ed6cf0ad983) Importer(815301076,1909f56bfc062723c751e8b465ee728b)
Start importing Assets/Kevin Iglesias/Human Animations/Animations/Male/Movement/Walk/RootMotion/W1BR.fbx using Guid(bebe632f34314de4ab6b8ed6cf0ad983) Importer(815301076,1909f56bfc062723c751e8b465ee728b) (PreviewImporter) -> (artifact id: 'fc426cf383c935ce7a2c8ab34a63c74d') in 0.0136195 seconds
Number of updated asset objects reloaded before import = 0Number of asset objects unloaded after import = 117

========================================================================
Received Import Request.
  Time since last request: 4.847101 seconds.
  path: Assets/Kevin Iglesias/Human Animations/Animations/Male/Movement/Walk/RootMotion/W1F.fbx
  artifactKey: Guid(45f47d2e897173a469caef4a1da768dd) Importer(815301076,1909f56bfc062723c751e8b465ee728b)
Start importing Assets/Kevin Iglesias/Human Animations/Animations/Male/Movement/Walk/RootMotion/W1F.fbx using Guid(45f47d2e897173a469caef4a1da768dd) Importer(815301076,1909f56bfc062723c751e8b465ee728b) (PreviewImporter) -> (artifact id: '4a24376bb17e97866f98619adc3aefb6') in 0.0123334 seconds
Number of updated asset objects reloaded before import = 0Number of asset objects unloaded after import = 117

========================================================================
Received Import Request.
  Time since last request: 7.446267 seconds.
  path: Assets/Kevin Iglesias/Human Animations/Animations/Male/Movement/Walk/RootMotion/W1FL.fbx
  artifactKey: Guid(7347e916c0047db4c83cae759dbc0bad) Importer(815301076,1909f56bfc062723c751e8b465ee728b)
Start importing Assets/Kevin Iglesias/Human Animations/Animations/Male/Movement/Walk/RootMotion/W1FL.fbx using Guid(7347e916c0047db4c83cae759dbc0bad) Importer(815301076,1909f56bfc062723c751e8b465ee728b) (PreviewImporter) -> (artifact id: '0bdee3d31a1cb7b19751994cb8dcac69') in 0.0124017 seconds
Number of updated asset objects reloaded before import = 0Number of asset objects unloaded after import = 117

========================================================================
Received Import Request.
  Time since last request: 6.448710 seconds.
  path: Assets/Kevin Iglesias/Human Animations/Animations/Male/Movement/Walk/RootMotion/W1FR.fbx
  artifactKey: Guid(0ab6a2e6f889b2f488bf18638a9635e3) Importer(815301076,1909f56bfc062723c751e8b465ee728b)
Start importing Assets/Kevin Iglesias/Human Animations/Animations/Male/Movement/Walk/RootMotion/W1FR.fbx using Guid(0ab6a2e6f889b2f488bf18638a9635e3) Importer(815301076,1909f56bfc062723c751e8b465ee728b) (PreviewImporter) -> (artifact id: '9b8e06a6908393da8d5462c872bdd428') in 0.0152674 seconds
Number of updated asset objects reloaded before import = 0Number of asset objects unloaded after import = 117

========================================================================
Received Import Request.
  Time since last request: 5.384264 seconds.
  path: Assets/Kevin Iglesias/Human Animations/Animations/Male/Movement/Walk/RootMotion/W1L.fbx
  artifactKey: Guid(b3c5165fa2a9dcf4cb7031c16952b306) Importer(815301076,1909f56bfc062723c751e8b465ee728b)
Start importing Assets/Kevin Iglesias/Human Animations/Animations/Male/Movement/Walk/RootMotion/W1L.fbx using Guid(b3c5165fa2a9dcf4cb7031c16952b306) Importer(815301076,1909f56bfc062723c751e8b465ee728b) (PreviewImporter) -> (artifact id: 'ba006f7bf75652c6e27677614bf3c234') in 0.0095262 seconds
Number of updated asset objects reloaded before import = 0Number of asset objects unloaded after import = 117

========================================================================
Received Import Request.
  Time since last request: 3.819831 seconds.
  path: Assets/Kevin Iglesias/Human Animations/Animations/Male/Movement/Walk/RootMotion/W1R.fbx
  artifactKey: Guid(64ee24dd49e72b049812dace66fc223f) Importer(815301076,1909f56bfc062723c751e8b465ee728b)
Start importing Assets/Kevin Iglesias/Human Animations/Animations/Male/Movement/Walk/RootMotion/W1R.fbx using Guid(64ee24dd49e72b049812dace66fc223f) Importer(815301076,1909f56bfc062723c751e8b465ee728b) (PreviewImporter) -> (artifact id: '4f347fa704c03ed26f67a20788e079ed') in 0.0130529 seconds
Number of updated asset objects reloaded before import = 0Number of asset objects unloaded after import = 117

========================================================================
Received Import Request.
  Time since last request: 2.067293 seconds.
  path: Assets/Kevin Iglesias/Human Animations/Animations/Male/Social/Conversation
  artifactKey: Guid(f9507c68eeb7d1d4c9cf86799a26832e) Importer(815301076,1909f56bfc062723c751e8b465ee728b)
Start importing Assets/Kevin Iglesias/Human Animations/Animations/Male/Social/Conversation using Guid(f9507c68eeb7d1d4c9cf86799a26832e) Importer(815301076,1909f56bfc062723c751e8b465ee728b) (PreviewImporter) -> (artifact id: '182ce391386b060bacce7199048010fa') in 0.0025957 seconds
Number of updated asset objects reloaded before import = 0Number of asset objects unloaded after import = 0

========================================================================
Received Import Request.
  Time since last request: 0.947860 seconds.
  path: Assets/Kevin Iglesias/Human Animations/Animations/Male/Social/Conversation/HumanM@Talk01.fbx
  artifactKey: Guid(5277e5180e302184fb73653674a14c85) Importer(815301076,1909f56bfc062723c751e8b465ee728b)
Start importing Assets/Kevin Iglesias/Human Animations/Animations/Male/Social/Conversation/HumanM@Talk01.fbx using Guid(5277e5180e302184fb73653674a14c85) Importer(815301076,1909f56bfc062723c751e8b465ee728b) (PreviewImporter) -> (artifact id: '869e0f809b0871128dddc935bc2504de') in 0.0221038 seconds
Number of updated asset objects reloaded before import = 0Number of asset objects unloaded after import = 117

========================================================================
Received Import Request.
  Time since last request: 7.587651 seconds.
  path: Assets/Kevin Iglesias/Human Animations/Animations/Male/Social/Conversation/Talk.fbx
  artifactKey: Guid(5277e5180e302184fb73653674a14c85) Importer(815301076,1909f56bfc062723c751e8b465ee728b)
Start importing Assets/Kevin Iglesias/Human Animations/Animations/Male/Social/Conversation/Talk.fbx using Guid(5277e5180e302184fb73653674a14c85) Importer(815301076,1909f56bfc062723c751e8b465ee728b) (PreviewImporter) -> (artifact id: '6e77f4a86cefd3d0673f70fbc1165f88') in 0.0264256 seconds
Number of updated asset objects reloaded before import = 0Number of asset objects unloaded after import = 117

